<?xml version="1.0" encoding="UTF-8"?>
<Site BuildName="(empty)"
	BuildStamp="20250813-1102-Experimental"
	Name="(empty)"
	Generator="ctest-3.28.3"
	CompilerName=""
	CompilerVersion=""
	OSName="Linux"
	Hostname="leviafan-desktop-VirtualBox"
	OSRelease="6.11.0-29-generic"
	OSVersion="#29~24.04.1-Ubuntu SMP PREEMPT_DYNAMIC Thu Jun 26 14:16:59 UTC 2"
	OSPlatform="x86_64"
	Is64Bits="1"
	VendorString="GenuineIntel"
	VendorID="Intel Corporation"
	FamilyID="6"
	ModelID="186"
	ProcessorCacheSize="18432"
	NumberOfLogicalCPU="4"
	NumberOfPhysicalCPU="4"
	TotalVirtualMemory="0"
	TotalPhysicalMemory="3914"
	LogicalProcessorsPerPhysical="1"
	ProcessorClockFrequency="3187.21"
	>
	<Testing>
		<StartDateTime>Aug 13 18:47 MSK</StartDateTime>
		<StartTestTime>1755100034</StartTestTime>
		<TestList/>
		<EndDateTime>Aug 13 18:47 MSK</EndDateTime>
		<EndTestTime>1755100034</EndTestTime>
		<ElapsedMinutes>0</ElapsedMinutes>
	</Testing>
</Site>
